#
# There is insufficient memory for the Java Runtime Environment to continue.
# Native memory allocation (malloc) failed to allocate 44240 bytes for Chunk::new
# Possible reasons:
#   The system is out of physical RAM or swap space
#   The process is running with CompressedOops enabled, and the Java Heap may be blocking the growth of the native heap
# Possible solutions:
#   Reduce memory load on the system
#   Increase physical memory or swap space
#   Check if swap backing store is full
#   Decrease Java heap size (-Xmx/-Xms)
#   Decrease number of Java threads
#   Decrease Java thread stack sizes (-Xss)
#   Set larger code cache with -XX:ReservedCodeCacheSize=
#   JVM is running with Unscaled Compressed Oops mode in which the Java heap is
#     placed in the first 4GB address space. The Java Heap base address is the
#     maximum limit for the native heap growth. Please use -XX:HeapBaseMinAddress
#     to set the Java Heap base and to place the Java Heap above 4GB virtual address.
# This output file may be truncated or incomplete.
#
#  Out of Memory Error (allocation.cpp:389), pid=10416, tid=0x0000000000002294
#
# JRE version: OpenJDK Runtime Environment (8.0_242-b01) (build 1.8.0_242-release-1644-b01)
# Java VM: OpenJDK 64-Bit Server VM (25.242-b01 mixed mode windows-amd64 compressed oops)
# Failed to write core dump. Minidumps are not enabled by default on client versions of Windows
#

---------------  T H R E A D  ---------------

Current thread (0x0000000016823000):  JavaThread "C2 CompilerThread0" daemon [_thread_in_native, id=8852, stack(0x0000000017e80000,0x0000000017f80000)]

Stack: [0x0000000017e80000,0x0000000017f80000]
[error occurred during error reporting (printing stack bounds), id 0xc0000005]

Native frames: (J=compiled Java code, j=interpreted, Vv=VM code, C=native code)


Current CompileTask:
C2:2717427 19506   !   4       java.nio.file.FileTreeWalker::visit (204 bytes)


---------------  P R O C E S S  ---------------

Java Threads: ( => current thread )
  0x000000001ef18800 JavaThread "stdout" [_thread_in_native, id=4320, stack(0x00000000304d0000,0x00000000305d0000)]
  0x000000001ef19000 JavaThread "stderr" [_thread_in_native, id=1760, stack(0x00000000303d0000,0x00000000304d0000)]
  0x000000001d08a800 JavaThread "stdout" [_thread_in_native, id=3820, stack(0x00000000302d0000,0x00000000303d0000)]
  0x0000000019a0e000 JavaThread "stderr" [_thread_in_native, id=1716, stack(0x00000000301d0000,0x00000000302d0000)]
  0x000000001a8dd800 JavaThread "stdout" [_thread_in_native, id=460, stack(0x00000000300d0000,0x00000000301d0000)]
  0x000000001a8dc000 JavaThread "stderr" [_thread_in_native, id=684, stack(0x000000002ffd0000,0x00000000300d0000)]
  0x000000001a8de800 JavaThread "stdout" [_thread_in_native, id=8520, stack(0x000000002fed0000,0x000000002ffd0000)]
  0x000000001a8dd000 JavaThread "stderr" [_thread_in_native, id=6344, stack(0x000000002fdd0000,0x000000002fed0000)]
  0x000000001a8db800 JavaThread "pool-9-thread-1" [_thread_blocked, id=4592, stack(0x000000002fac0000,0x000000002fbc0000)]
  0x000000001a8e0000 JavaThread "WorkerExecutor Queue Thread 4" [_thread_blocked, id=10876, stack(0x000000002e8e0000,0x000000002e9e0000)]
  0x000000001a8da800 JavaThread "WorkerExecutor Queue Thread 3" [_thread_blocked, id=872, stack(0x000000002e7e0000,0x000000002e8e0000)]
  0x000000001a8da000 JavaThread "WorkerExecutor Queue Thread 2" [_thread_blocked, id=3584, stack(0x000000002e6e0000,0x000000002e7e0000)]
  0x000000001a8e0800 JavaThread "WorkerExecutor Queue" [_thread_blocked, id=11100, stack(0x000000002e5e0000,0x000000002e6e0000)]
  0x000000001a8d6000 JavaThread "Cache worker for execution history cache (D:\STUDY\Android\Git\TabataTimer\.gradle\6.5\executionHistory)" [_thread_blocked, id=1540, stack(0x000000002dae0000,0x000000002dbe0000)]
  0x000000001a8d5800 JavaThread "Execution worker for ':' Thread 3" [_thread_blocked, id=572, stack(0x000000002d9e0000,0x000000002dae0000)]
  0x000000001a8d1800 JavaThread "Execution worker for ':' Thread 2" [_thread_blocked, id=1636, stack(0x000000002cce0000,0x000000002cde0000)]
  0x000000001a8d4800 JavaThread "Execution worker for ':'" [_thread_blocked, id=2640, stack(0x000000002c4b0000,0x000000002c5b0000)]
  0x000000001a8d3000 JavaThread "Cache worker for file content cache (D:\STUDY\Android\Git\TabataTimer\.gradle\6.5\fileContent)" [_thread_blocked, id=8212, stack(0x000000002c1b0000,0x000000002c2b0000)]
  0x000000001a8d8800 JavaThread "pool-8-thread-1" [_thread_blocked, id=7424, stack(0x000000002ab50000,0x000000002ac50000)]
  0x000000001a8d7800 JavaThread "Cache worker for Build Output Cleanup Cache (D:\STUDY\Android\Git\TabataTimer\.gradle\buildOutputCleanup)" [_thread_blocked, id=10020, stack(0x000000002a3b0000,0x000000002a4b0000)]
  0x000000001a8d7000 JavaThread "jar transforms Thread 276" [_thread_blocked, id=9860, stack(0x0000000029cb0000,0x0000000029db0000)]
  0x000000001ed45000 JavaThread "jar transforms Thread 275" [_thread_blocked, id=4776, stack(0x0000000028ab0000,0x0000000028bb0000)]
  0x000000001ed44800 JavaThread "jar transforms Thread 274" [_thread_blocked, id=6960, stack(0x00000000285b0000,0x00000000286b0000)]
  0x000000001ed41800 JavaThread "jar transforms Thread 273" [_thread_blocked, id=1460, stack(0x00000000284b0000,0x00000000285b0000)]
  0x000000001ed43800 JavaThread "jar transforms Thread 272" [_thread_blocked, id=2992, stack(0x00000000283b0000,0x00000000284b0000)]
  0x000000001ed43000 JavaThread "jar transforms Thread 271" [_thread_blocked, id=8664, stack(0x00000000282b0000,0x00000000283b0000)]
  0x000000001ed3f000 JavaThread "jar transforms Thread 270" [_thread_blocked, id=5684, stack(0x00000000281b0000,0x00000000282b0000)]
  0x000000001ed42000 JavaThread "jar transforms Thread 269" [_thread_blocked, id=9364, stack(0x00000000280b0000,0x00000000281b0000)]
  0x000000001ed3e800 JavaThread "jar transforms Thread 268" [_thread_blocked, id=1872, stack(0x0000000027fb0000,0x00000000280b0000)]
  0x000000001ed40800 JavaThread "jar transforms Thread 267" [_thread_blocked, id=1096, stack(0x0000000027eb0000,0x0000000027fb0000)]
  0x000000001ed40000 JavaThread "jar transforms Thread 266" [_thread_blocked, id=6612, stack(0x0000000027db0000,0x0000000027eb0000)]
  0x000000001ed37000 JavaThread "jar transforms Thread 265" [_thread_blocked, id=9480, stack(0x0000000027cb0000,0x0000000027db0000)]
  0x000000001ed3d800 JavaThread "jar transforms Thread 264" [_thread_blocked, id=10972, stack(0x0000000027bb0000,0x0000000027cb0000)]
  0x000000001ed3c000 JavaThread "jar transforms Thread 263" [_thread_blocked, id=1120, stack(0x0000000027ab0000,0x0000000027bb0000)]
  0x000000001ed36000 JavaThread "jar transforms Thread 262" [_thread_blocked, id=5080, stack(0x00000000279b0000,0x0000000027ab0000)]
  0x000000001ed3b800 JavaThread "jar transforms Thread 261" [_thread_blocked, id=8704, stack(0x00000000278b0000,0x00000000279b0000)]
  0x000000001ed3a800 JavaThread "jar transforms Thread 260" [_thread_blocked, id=5940, stack(0x00000000277b0000,0x00000000278b0000)]
  0x000000001ed3a000 JavaThread "jar transforms Thread 259" [_thread_blocked, id=4092, stack(0x00000000276b0000,0x00000000277b0000)]
  0x000000001ed39000 JavaThread "jar transforms Thread 258" [_thread_blocked, id=10780, stack(0x00000000275b0000,0x00000000276b0000)]
  0x000000001ed37800 JavaThread "jar transforms Thread 257" [_thread_blocked, id=8896, stack(0x00000000274b0000,0x00000000275b0000)]
  0x000000001ed3d000 JavaThread "jar transforms Thread 256" [_thread_blocked, id=1744, stack(0x00000000273b0000,0x00000000274b0000)]
  0x000000001ed38800 JavaThread "jar transforms Thread 255" [_thread_blocked, id=6024, stack(0x00000000272b0000,0x00000000273b0000)]
  0x000000001990b000 JavaThread "jar transforms Thread 254" [_thread_blocked, id=9656, stack(0x00000000271b0000,0x00000000272b0000)]
  0x0000000019909800 JavaThread "jar transforms Thread 253" [_thread_blocked, id=376, stack(0x00000000270b0000,0x00000000271b0000)]
  0x0000000019908800 JavaThread "jar transforms Thread 252" [_thread_blocked, id=1768, stack(0x0000000026fb0000,0x00000000270b0000)]
  0x0000000019908000 JavaThread "jar transforms Thread 251" [_thread_blocked, id=252, stack(0x0000000026eb0000,0x0000000026fb0000)]
  0x0000000019907000 JavaThread "jar transforms Thread 250" [_thread_blocked, id=11212, stack(0x0000000026db0000,0x0000000026eb0000)]
  0x000000001990b800 JavaThread "jar transforms Thread 249" [_thread_blocked, id=10076, stack(0x0000000026cb0000,0x0000000026db0000)]
  0x0000000019d11800 JavaThread "jar transforms Thread 248" [_thread_blocked, id=2584, stack(0x0000000026bb0000,0x0000000026cb0000)]
  0x0000000019d10800 JavaThread "jar transforms Thread 247" [_thread_blocked, id=1712, stack(0x0000000026ab0000,0x0000000026bb0000)]
  0x0000000019d10000 JavaThread "jar transforms Thread 246" [_thread_blocked, id=10576, stack(0x00000000269b0000,0x0000000026ab0000)]
  0x0000000019d08800 JavaThread "jar transforms Thread 245" [_thread_blocked, id=4976, stack(0x00000000268b0000,0x00000000269b0000)]
  0x0000000019d0f000 JavaThread "jar transforms Thread 244" [_thread_blocked, id=2964, stack(0x00000000267b0000,0x00000000268b0000)]
  0x0000000019d07000 JavaThread "jar transforms Thread 243" [_thread_blocked, id=11060, stack(0x00000000266b0000,0x00000000267b0000)]
  0x0000000019d07800 JavaThread "jar transforms Thread 242" [_thread_blocked, id=2692, stack(0x00000000265b0000,0x00000000266b0000)]
  0x0000000019d0d800 JavaThread "jar transforms Thread 241" [_thread_blocked, id=9556, stack(0x00000000264b0000,0x00000000265b0000)]
  0x0000000019d06000 JavaThread "jar transforms Thread 240" [_thread_blocked, id=9832, stack(0x00000000263b0000,0x00000000264b0000)]
  0x0000000019d0d000 JavaThread "jar transforms Thread 239" [_thread_blocked, id=3364, stack(0x00000000262b0000,0x00000000263b0000)]
  0x0000000019d0b800 JavaThread "jar transforms Thread 238" [_thread_blocked, id=3516, stack(0x00000000261b0000,0x00000000262b0000)]
  0x0000000019d05800 JavaThread "jar transforms Thread 237" [_thread_blocked, id=7052, stack(0x00000000260b0000,0x00000000261b0000)]
  0x000000001d097000 JavaThread "jar transforms Thread 236" [_thread_blocked, id=5920, stack(0x0000000025fb0000,0x00000000260b0000)]
  0x000000001d096800 JavaThread "jar transforms Thread 235" [_thread_blocked, id=10184, stack(0x0000000025eb0000,0x0000000025fb0000)]
  0x000000001d095800 JavaThread "jar transforms Thread 234" [_thread_blocked, id=2552, stack(0x0000000025db0000,0x0000000025eb0000)]
  0x000000001d08e000 JavaThread "jar transforms Thread 233" [_thread_blocked, id=5020, stack(0x0000000025cb0000,0x0000000025db0000)]
  0x000000001d091000 JavaThread "jar transforms Thread 232" [_thread_blocked, id=8848, stack(0x0000000025bb0000,0x0000000025cb0000)]
  0x000000001d095000 JavaThread "jar transforms Thread 231" [_thread_blocked, id=9756, stack(0x0000000025ab0000,0x0000000025bb0000)]
  0x000000001d092800 JavaThread "jar transforms Thread 230" [_thread_blocked, id=8148, stack(0x00000000259b0000,0x0000000025ab0000)]
  0x000000001d08d800 JavaThread "jar transforms Thread 229" [_thread_blocked, id=7816, stack(0x00000000258b0000,0x00000000259b0000)]
  0x000000001d092000 JavaThread "jar transforms Thread 228" [_thread_blocked, id=7884, stack(0x00000000257b0000,0x00000000258b0000)]
  0x000000001d094000 JavaThread "jar transforms Thread 227" [_thread_blocked, id=4064, stack(0x00000000256b0000,0x00000000257b0000)]
  0x000000001d090800 JavaThread "jar transforms Thread 226" [_thread_blocked, id=5516, stack(0x00000000255b0000,0x00000000256b0000)]
  0x000000001d093800 JavaThread "jar transforms Thread 225" [_thread_blocked, id=8376, stack(0x00000000254b0000,0x00000000255b0000)]
  0x000000001d08f800 JavaThread "jar transforms Thread 224" [_thread_blocked, id=9400, stack(0x00000000253b0000,0x00000000254b0000)]
  0x000000001d08c800 JavaThread "jar transforms Thread 223" [_thread_blocked, id=7004, stack(0x00000000252b0000,0x00000000253b0000)]
  0x000000001d088000 JavaThread "jar transforms Thread 222" [_thread_blocked, id=2244, stack(0x00000000251b0000,0x00000000252b0000)]
  0x000000001f648000 JavaThread "jar transforms Thread 221" [_thread_blocked, id=5348, stack(0x00000000250b0000,0x00000000251b0000)]
  0x000000001f647000 JavaThread "jar transforms Thread 220" [_thread_blocked, id=2044, stack(0x0000000024fb0000,0x00000000250b0000)]
  0x000000001f645000 JavaThread "jar transforms Thread 219" [_thread_blocked, id=2224, stack(0x0000000024eb0000,0x0000000024fb0000)]
  0x000000001f64b000 JavaThread "jar transforms Thread 218" [_thread_blocked, id=2488, stack(0x0000000024db0000,0x0000000024eb0000)]
  0x000000001f64a000 JavaThread "jar transforms Thread 217" [_thread_blocked, id=4004, stack(0x0000000024cb0000,0x0000000024db0000)]
  0x000000001f649800 JavaThread "jar transforms Thread 216" [_thread_blocked, id=4328, stack(0x0000000024bb0000,0x0000000024cb0000)]
  0x000000001f648800 JavaThread "jar transforms Thread 215" [_thread_blocked, id=2460, stack(0x0000000024ab0000,0x0000000024bb0000)]
  0x000000001f63f800 JavaThread "jar transforms Thread 214" [_thread_blocked, id=9768, stack(0x00000000249b0000,0x0000000024ab0000)]
  0x000000001f645800 JavaThread "jar transforms Thread 213" [_thread_blocked, id=9100, stack(0x00000000248b0000,0x00000000249b0000)]
  0x000000001f646800 JavaThread "jar transforms Thread 212" [_thread_blocked, id=9408, stack(0x00000000247b0000,0x00000000248b0000)]
  0x000000001f63e000 JavaThread "jar transforms Thread 211" [_thread_blocked, id=9952, stack(0x00000000246b0000,0x00000000247b0000)]
  0x000000001f63d800 JavaThread "jar transforms Thread 210" [_thread_blocked, id=9512, stack(0x00000000245b0000,0x00000000246b0000)]
  0x000000001f644000 JavaThread "jar transforms Thread 209" [_thread_blocked, id=9312, stack(0x00000000244b0000,0x00000000245b0000)]
  0x000000001f63f000 JavaThread "jar transforms Thread 208" [_thread_blocked, id=5208, stack(0x00000000243b0000,0x00000000244b0000)]
  0x000000001f63c000 JavaThread "jar transforms Thread 207" [_thread_blocked, id=5572, stack(0x00000000242b0000,0x00000000243b0000)]
  0x000000001f641000 JavaThread "jar transforms Thread 206" [_thread_blocked, id=6940, stack(0x0000000023100000,0x0000000023200000)]
  0x0000000018535800 JavaThread "jar transforms Thread 205" [_thread_blocked, id=7240, stack(0x00000000225e0000,0x00000000226e0000)]
  0x0000000018535000 JavaThread "jar transforms Thread 204" [_thread_blocked, id=2248, stack(0x0000000021ce0000,0x0000000021de0000)]
  0x0000000018534000 JavaThread "jar transforms Thread 203" [_thread_blocked, id=540, stack(0x0000000021be0000,0x0000000021ce0000)]
  0x0000000018533800 JavaThread "jar transforms Thread 202" [_thread_blocked, id=7968, stack(0x0000000021ae0000,0x0000000021be0000)]
  0x0000000018538800 JavaThread "jar transforms Thread 201" [_thread_blocked, id=8724, stack(0x00000000217e0000,0x00000000218e0000)]
  0x0000000018537000 JavaThread "jar transforms Thread 200" [_thread_blocked, id=8496, stack(0x00000000216e0000,0x00000000217e0000)]
  0x0000000018536800 JavaThread "jar transforms Thread 199" [_thread_blocked, id=4716, stack(0x00000000215e0000,0x00000000216e0000)]
  0x0000000018532000 JavaThread "jar transforms Thread 198" [_thread_blocked, id=9564, stack(0x00000000214e0000,0x00000000215e0000)]
  0x0000000018532800 JavaThread "jar transforms Thread 197" [_thread_blocked, id=1896, stack(0x00000000213e0000,0x00000000214e0000)]
  0x0000000018538000 JavaThread "jar transforms Thread 196" [_thread_blocked, id=3752, stack(0x00000000212e0000,0x00000000213e0000)]
  0x000000001852a800 JavaThread "jar transforms Thread 195" [_thread_blocked, id=8180, stack(0x0000000020fe0000,0x00000000210e0000)]
  0x000000001852d800 JavaThread "jar transforms Thread 194" [_thread_blocked, id=7712, stack(0x0000000020ee0000,0x0000000020fe0000)]
  0x000000001852f000 JavaThread "jar transforms Thread 193" [_thread_blocked, id=2276, stack(0x0000000020de0000,0x0000000020ee0000)]
  0x000000001852e000 JavaThread "jar transforms Thread 192" [_thread_blocked, id=6580, stack(0x0000000020ce0000,0x0000000020de0000)]
  0x0000000018531000 JavaThread "jar transforms Thread 191" [_thread_blocked, id=8164, stack(0x0000000020be0000,0x0000000020ce0000)]
  0x000000001852c000 JavaThread "jar transforms Thread 190" [_thread_blocked, id=11256, stack(0x0000000020ae0000,0x0000000020be0000)]
  0x0000000018529800 JavaThread "jar transforms Thread 189" [_thread_blocked, id=8644, stack(0x00000000209e0000,0x0000000020ae0000)]
  0x0000000019a11000 JavaThread "jar transforms Thread 188" [_thread_blocked, id=5800, stack(0x00000000208e0000,0x00000000209e0000)]
  0x0000000019a10800 JavaThread "jar transforms Thread 187" [_thread_blocked, id=5032, stack(0x00000000207e0000,0x00000000208e0000)]
  0x0000000019a0f800 JavaThread "jar transforms Thread 186" [_thread_blocked, id=5660, stack(0x00000000206e0000,0x00000000207e0000)]
  0x0000000019a0c000 JavaThread "jar transforms Thread 185" [_thread_blocked, id=440, stack(0x00000000205e0000,0x00000000206e0000)]
  0x0000000019a0d800 JavaThread "Build operations Thread 4" [_thread_in_Java, id=10744, stack(0x00000000204e0000,0x00000000205e0000)]
  0x0000000019a0b000 JavaThread "Build operations Thread 3" [_thread_blocked, id=5708, stack(0x00000000203e0000,0x00000000204e0000)]
  0x0000000019a0c800 JavaThread "Build operations Thread 2" [_thread_blocked, id=4352, stack(0x00000000202e0000,0x00000000203e0000)]
  0x0000000019a03800 JavaThread "Build operations" [_thread_blocked, id=8884, stack(0x000000001ef30000,0x000000001f030000)]
  0x0000000019a06000 JavaThread "Cache worker for cache directory md-rule (C:\Users\Asus\.gradle\caches\6.5\md-rule)" [_thread_blocked, id=1968, stack(0x000000001dda0000,0x000000001dea0000)]
  0x0000000019a0a800 JavaThread "Cache worker for cache directory md-supplier (C:\Users\Asus\.gradle\caches\6.5\md-supplier)" [_thread_blocked, id=5784, stack(0x000000001dca0000,0x000000001dda0000)]
  0x0000000019a03000 JavaThread "Cache worker for checksums cache (D:\STUDY\Android\Git\TabataTimer\.gradle\checksums)" [_thread_blocked, id=10784, stack(0x000000001dba0000,0x000000001dca0000)]
  0x0000000019a04800 JavaThread "Cache worker for file hash cache (D:\STUDY\Android\Git\TabataTimer\.gradle\6.5\fileHashes)" [_thread_blocked, id=10420, stack(0x000000001c2d0000,0x000000001c3d0000)]
  0x0000000019a05000 JavaThread "Thread-262" [_thread_blocked, id=5368, stack(0x000000001bfd0000,0x000000001c0d0000)]
  0x0000000019a09800 JavaThread "Stdin handler" [_thread_blocked, id=6824, stack(0x000000001bed0000,0x000000001bfd0000)]
  0x0000000019a02000 JavaThread "Asynchronous log dispatcher for DefaultDaemonConnection: socket connection from /127.0.0.1:53625 to /127.0.0.1:54123" [_thread_blocked, id=8652, stack(0x000000001bdd0000,0x000000001bed0000)]
  0x0000000019a08000 JavaThread "Daemon worker Thread 3" [_thread_blocked, id=8512, stack(0x000000001bcd0000,0x000000001bdd0000)]
  0x0000000019a09000 JavaThread "Cancel handler" [_thread_blocked, id=4732, stack(0x000000001b680000,0x000000001b780000)]
  0x0000000019a07800 JavaThread "Handler for socket connection from /127.0.0.1:53625 to /127.0.0.1:54123" [_thread_in_native, id=8024, stack(0x000000001b580000,0x000000001b680000)]
  0x0000000019a06800 JavaThread "Daemon Thread 3" [_thread_blocked, id=4900, stack(0x0000000001190000,0x0000000001290000)]
  0x000000001f642000 JavaThread "Cache worker for Java compile cache (C:\Users\Asus\.gradle\caches\6.5\javaCompile)" [_thread_blocked, id=10892, stack(0x000000002c7b0000,0x000000002c8b0000)]
  0x000000001d08f000 JavaThread "Memory manager" [_thread_blocked, id=2336, stack(0x0000000029bb0000,0x0000000029cb0000)]
  0x0000000019d09000 JavaThread "Cache worker for file content cache (C:\Users\Asus\.gradle\caches\6.5\fileContent)" [_thread_blocked, id=1328, stack(0x00000000224e0000,0x00000000225e0000)]
  0x0000000019d04800 JavaThread "Cache worker for execution history cache (C:\Users\Asus\.gradle\caches\6.5\executionHistory)" [_thread_blocked, id=6600, stack(0x0000000021fe0000,0x00000000220e0000)]
  0x000000001990c800 JavaThread "Cache worker for file hash cache (C:\Users\Asus\.gradle\caches\6.5\fileHashes)" [_thread_blocked, id=4188, stack(0x000000001c8d0000,0x000000001c9d0000)]
  0x0000000019905800 JavaThread "File lock request listener" [_thread_in_native, id=11228, stack(0x000000001c7d0000,0x000000001c8d0000)]
  0x000000001990a000 JavaThread "Cache worker for journal cache (C:\Users\Asus\.gradle\caches\journal-1)" [_thread_blocked, id=5084, stack(0x000000001c5d0000,0x000000001c6d0000)]
  0x0000000019602000 JavaThread "Daemon periodic checks" [_thread_blocked, id=9708, stack(0x000000001b9d0000,0x000000001bad0000)]
  0x0000000019ffe000 JavaThread "Incoming local TCP Connector on port 53625" [_thread_in_native, id=1904, stack(0x000000001b780000,0x000000001b880000)]
  0x0000000018277000 JavaThread "Daemon health stats" [_thread_blocked, id=2936, stack(0x000000001b120000,0x000000001b220000)]
  0x00000000181c0000 JavaThread "Service Thread" daemon [_thread_blocked, id=1300, stack(0x0000000018580000,0x0000000018680000)]
  0x000000001683b800 JavaThread "C1 CompilerThread2" daemon [_thread_blocked, id=9180, stack(0x0000000018080000,0x0000000018180000)]
  0x000000001682c000 JavaThread "C2 CompilerThread1" daemon [_thread_in_native, id=5844, stack(0x0000000017f80000,0x0000000018080000)]
=>0x0000000016823000 JavaThread "C2 CompilerThread0" daemon [_thread_in_native, id=8852, stack(0x0000000017e80000,0x0000000017f80000)]
  0x0000000016822000 JavaThread "Attach Listener" daemon [_thread_blocked, id=1564, stack(0x0000000017d80000,0x0000000017e80000)]
  0x0000000016828800 JavaThread "Signal Dispatcher" daemon [_thread_blocked, id=6868, stack(0x0000000017c80000,0x0000000017d80000)]
  0x0000000002eac000 JavaThread "Finalizer" daemon [_thread_blocked, id=6036, stack(0x0000000017a70000,0x0000000017b70000)]
  0x0000000016809000 JavaThread "Reference Handler" daemon [_thread_blocked, id=1772, stack(0x0000000017970000,0x0000000017a70000)]
  0x0000000002c7e800 JavaThread "main" [_thread_blocked, id=10428, stack(0x0000000002cb0000,0x0000000002db0000)]

Other Threads:
  0x00000000167e6800 VMThread [stack: 0x0000000017870000,0x0000000017970000] [id=1868]
  0x000000001687d800 WatcherThread [stack: 0x0000000018680000,0x0000000018780000] [id=3624]

VM state:not at safepoint (normal execution)

VM Mutex/Monitor currently owned by a thread: None

OutOfMemory and StackOverflow Exception counts:
OutOfMemoryError java_heap_errors=1

heap address: 0x00000000a0000000, size: 1536 MB, Compressed Oops mode: 32-bit
Narrow klass base: 0x0000000000000000, Narrow klass shift: 3
Compressed class space size: 1073741824 Address: 0x0000000100000000

Heap:
 PSYoungGen      total 352256K, used 69689K [0x00000000e0000000, 0x00000000fca00000, 0x0000000100000000)
  eden space 270336K, 6% used [0x00000000e0000000,0x00000000e10d96c8,0x00000000f0800000)
  from space 81920K, 64% used [0x00000000f0800000,0x00000000f3b34e90,0x00000000f5800000)
  to   space 84992K, 0% used [0x00000000f7700000,0x00000000f7700000,0x00000000fca00000)
 ParOldGen       total 303104K, used 152116K [0x00000000a0000000, 0x00000000b2800000, 0x00000000e0000000)
  object space 303104K, 50% used [0x00000000a0000000,0x00000000a948d300,0x00000000b2800000)
 Metaspace       used 121508K, capacity 127460K, committed 127692K, reserved 1159168K
  class space    used 15856K, capacity 17080K, committed 17152K, reserved 1048576K

Card table byte_map: [0x0000000012270000,0x0000000012580000] byte_map_base: 0x0000000011d70000

Marking Bits: (ParMarkBitMap*) 0x00000000680bf030
 Begin Bits: [0x0000000012b80000, 0x0000000014380000)
 End Bits:   [0x0000000014380000, 0x0000000015b80000)

Polling page: 0x0000000002c30000

CodeCache: size=245760Kb used=52927Kb max_used=52932Kb free=192832Kb
 bounds [0x0000000002eb0000, 0x00000000062c0000, 0x0000000011eb0000]
 total_blobs=17086 nmethods=16128 adapters=870
 compilation: enabled

Compilation events (10 events):
Event: 2717.287 Thread 0x000000001683b800 19504       1       org.gradle.api.internal.tasks.properties.InputFilePropertyType::getValidationAction (5 bytes)
Event: 2717.287 Thread 0x000000001683b800 nmethod 19504 0x0000000003c76610 code [0x0000000003c76760, 0x0000000003c76870]
Event: 2717.287 Thread 0x000000001683b800 19505       1       org.gradle.api.internal.tasks.execution.DefaultTaskExecutionContext::getTaskExecutionMode (5 bytes)
Event: 2717.288 Thread 0x000000001683b800 nmethod 19505 0x00000000032b3910 code [0x00000000032b3a60, 0x00000000032b3b70]
Event: 2717.288 Thread 0x0000000016823000 19506   !   4       java.nio.file.FileTreeWalker::visit (204 bytes)
Event: 2717.292 Thread 0x000000001682c000 19507   !   4       com.google.common.collect.RegularImmutableSortedSet::indexOf (35 bytes)
Event: 2717.320 Thread 0x000000001683b800 19510       3       org.gradle.api.internal.provider.DefaultProperty::value (7 bytes)
Event: 2717.321 Thread 0x000000001683b800 nmethod 19510 0x00000000031a4f10 code [0x00000000031a5080, 0x00000000031a52a8]
Event: 2717.337 Thread 0x000000001682c000 nmethod 19507 0x0000000003e35790 code [0x0000000003e359a0, 0x0000000003e37018]
Event: 2717.338 Thread 0x000000001682c000 19508   !   4       java.nio.file.FileTreeWalker::getAttributes (126 bytes)

GC Heap History (10 events):
Event: 78.413 GC heap before
{Heap before GC invocations=19 (full 4):
 PSYoungGen      total 234496K, used 38392K [0x00000000e0000000, 0x00000000f6480000, 0x0000000100000000)
  eden space 196096K, 0% used [0x00000000e0000000,0x00000000e0000000,0x00000000ebf80000)
  from space 38400K, 99% used [0x00000000ebf80000,0x00000000ee4fe260,0x00000000ee500000)
  to   space 61952K, 0% used [0x00000000f2800000,0x00000000f2800000,0x00000000f6480000)
 ParOldGen       total 158720K, used 101998K [0x00000000a0000000, 0x00000000a9b00000, 0x00000000e0000000)
  object space 158720K, 64% used [0x00000000a0000000,0x00000000a639b860,0x00000000a9b00000)
 Metaspace       used 93906K, capacity 98294K, committed 98380K, reserved 1134592K
  class space    used 12498K, capacity 13418K, committed 13440K, reserved 1048576K
Event: 79.182 GC heap after
Heap after GC invocations=19 (full 4):
 PSYoungGen      total 234496K, used 0K [0x00000000e0000000, 0x00000000f6480000, 0x0000000100000000)
  eden space 196096K, 0% used [0x00000000e0000000,0x00000000e0000000,0x00000000ebf80000)
  from space 38400K, 0% used [0x00000000ebf80000,0x00000000ebf80000,0x00000000ee500000)
  to   space 61952K, 0% used [0x00000000f2800000,0x00000000f2800000,0x00000000f6480000)
 ParOldGen       total 303104K, used 119827K [0x00000000a0000000, 0x00000000b2800000, 0x00000000e0000000)
  object space 303104K, 39% used [0x00000000a0000000,0x00000000a7504e08,0x00000000b2800000)
 Metaspace       used 93805K, capacity 97984K, committed 98380K, reserved 1134592K
  class space    used 12465K, capacity 13361K, committed 13440K, reserved 1048576K
}
Event: 83.946 GC heap before
{Heap before GC invocations=20 (full 4):
 PSYoungGen      total 234496K, used 196096K [0x00000000e0000000, 0x00000000f6480000, 0x0000000100000000)
  eden space 196096K, 100% used [0x00000000e0000000,0x00000000ebf80000,0x00000000ebf80000)
  from space 38400K, 0% used [0x00000000ebf80000,0x00000000ebf80000,0x00000000ee500000)
  to   space 61952K, 0% used [0x00000000f2800000,0x00000000f2800000,0x00000000f6480000)
 ParOldGen       total 303104K, used 119827K [0x00000000a0000000, 0x00000000b2800000, 0x00000000e0000000)
  object space 303104K, 39% used [0x00000000a0000000,0x00000000a7504e08,0x00000000b2800000)
 Metaspace       used 99089K, capacity 103446K, committed 103884K, reserved 1138688K
  class space    used 13073K, capacity 13996K, committed 14080K, reserved 1048576K
Event: 83.976 GC heap after
Heap after GC invocations=20 (full 4):
 PSYoungGen      total 293888K, used 18362K [0x00000000e0000000, 0x00000000f5d00000, 0x0000000100000000)
  eden space 239616K, 0% used [0x00000000e0000000,0x00000000e0000000,0x00000000eea00000)
  from space 54272K, 33% used [0x00000000f2800000,0x00000000f39eeba8,0x00000000f5d00000)
  to   space 58880K, 0% used [0x00000000eea00000,0x00000000eea00000,0x00000000f2380000)
 ParOldGen       total 303104K, used 119835K [0x00000000a0000000, 0x00000000b2800000, 0x00000000e0000000)
  object space 303104K, 39% used [0x00000000a0000000,0x00000000a7506e08,0x00000000b2800000)
 Metaspace       used 99089K, capacity 103446K, committed 103884K, reserved 1138688K
  class space    used 13073K, capacity 13996K, committed 14080K, reserved 1048576K
}
Event: 91.444 GC heap before
{Heap before GC invocations=21 (full 4):
 PSYoungGen      total 293888K, used 257978K [0x00000000e0000000, 0x00000000f5d00000, 0x0000000100000000)
  eden space 239616K, 100% used [0x00000000e0000000,0x00000000eea00000,0x00000000eea00000)
  from space 54272K, 33% used [0x00000000f2800000,0x00000000f39eeba8,0x00000000f5d00000)
  to   space 58880K, 0% used [0x00000000eea00000,0x00000000eea00000,0x00000000f2380000)
 ParOldGen       total 303104K, used 119835K [0x00000000a0000000, 0x00000000b2800000, 0x00000000e0000000)
  object space 303104K, 39% used [0x00000000a0000000,0x00000000a7506e08,0x00000000b2800000)
 Metaspace       used 106243K, capacity 111410K, committed 111436K, reserved 1144832K
  class space    used 14171K, capacity 15228K, committed 15232K, reserved 1048576K
Event: 91.591 GC heap after
Heap after GC invocations=21 (full 4):
 PSYoungGen      total 298496K, used 58873K [0x00000000e0000000, 0x00000000fa180000, 0x0000000100000000)
  eden space 239616K, 0% used [0x00000000e0000000,0x00000000e0000000,0x00000000eea00000)
  from space 58880K, 99% used [0x00000000eea00000,0x00000000f237e780,0x00000000f2380000)
  to   space 75264K, 0% used [0x00000000f5800000,0x00000000f5800000,0x00000000fa180000)
 ParOldGen       total 303104K, used 137589K [0x00000000a0000000, 0x00000000b2800000, 0x00000000e0000000)
  object space 303104K, 45% used [0x00000000a0000000,0x00000000a865d640,0x00000000b2800000)
 Metaspace       used 106243K, capacity 111410K, committed 111436K, reserved 1144832K
  class space    used 14171K, capacity 15228K, committed 15232K, reserved 1048576K
}
Event: 2251.660 GC heap before
{Heap before GC invocations=22 (full 4):
 PSYoungGen      total 298496K, used 298489K [0x00000000e0000000, 0x00000000fa180000, 0x0000000100000000)
  eden space 239616K, 100% used [0x00000000e0000000,0x00000000eea00000,0x00000000eea00000)
  from space 58880K, 99% used [0x00000000eea00000,0x00000000f237e780,0x00000000f2380000)
  to   space 75264K, 0% used [0x00000000f5800000,0x00000000f5800000,0x00000000fa180000)
 ParOldGen       total 303104K, used 137589K [0x00000000a0000000, 0x00000000b2800000, 0x00000000e0000000)
  object space 303104K, 45% used [0x00000000a0000000,0x00000000a865d640,0x00000000b2800000)
 Metaspace       used 117156K, capacity 122850K, committed 123084K, reserved 1155072K
  class space    used 15415K, capacity 16585K, committed 16640K, reserved 1048576K
Event: 2251.935 GC heap after
Heap after GC invocations=22 (full 4):
 PSYoungGen      total 345600K, used 58617K [0x00000000e0000000, 0x00000000fa880000, 0x0000000100000000)
  eden space 270336K, 0% used [0x00000000e0000000,0x00000000e0000000,0x00000000f0800000)
  from space 75264K, 77% used [0x00000000f5800000,0x00000000f913e640,0x00000000fa180000)
  to   space 81920K, 0% used [0x00000000f0800000,0x00000000f0800000,0x00000000f5800000)
 ParOldGen       total 303104K, used 152108K [0x00000000a0000000, 0x00000000b2800000, 0x00000000e0000000)
  object space 303104K, 50% used [0x00000000a0000000,0x00000000a948b300,0x00000000b2800000)
 Metaspace       used 117156K, capacity 122850K, committed 123084K, reserved 1155072K
  class space    used 15415K, capacity 16585K, committed 16640K, reserved 1048576K
}
Event: 2712.199 GC heap before
{Heap before GC invocations=23 (full 4):
 PSYoungGen      total 345600K, used 328953K [0x00000000e0000000, 0x00000000fa880000, 0x0000000100000000)
  eden space 270336K, 100% used [0x00000000e0000000,0x00000000f0800000,0x00000000f0800000)
  from space 75264K, 77% used [0x00000000f5800000,0x00000000f913e640,0x00000000fa180000)
  to   space 81920K, 0% used [0x00000000f0800000,0x00000000f0800000,0x00000000f5800000)
 ParOldGen       total 303104K, used 152108K [0x00000000a0000000, 0x00000000b2800000, 0x00000000e0000000)
  object space 303104K, 50% used [0x00000000a0000000,0x00000000a948b300,0x00000000b2800000)
 Metaspace       used 121492K, capacity 127460K, committed 127692K, reserved 1159168K
  class space    used 15855K, capacity 17080K, committed 17152K, reserved 1048576K
Event: 2712.425 GC heap after
Heap after GC invocations=23 (full 4):
 PSYoungGen      total 352256K, used 52435K [0x00000000e0000000, 0x00000000fca00000, 0x0000000100000000)
  eden space 270336K, 0% used [0x00000000e0000000,0x00000000e0000000,0x00000000f0800000)
  from space 81920K, 64% used [0x00000000f0800000,0x00000000f3b34e90,0x00000000f5800000)
  to   space 84992K, 0% used [0x00000000f7700000,0x00000000f7700000,0x00000000fca00000)
 ParOldGen       total 303104K, used 152116K [0x00000000a0000000, 0x00000000b2800000, 0x00000000e0000000)
  object space 303104K, 50% used [0x00000000a0000000,0x00000000a948d300,0x00000000b2800000)
 Metaspace       used 121492K, capacity 127460K, committed 127692K, reserved 1159168K
  class space    used 15855K, capacity 17080K, committed 17152K, reserved 1048576K
}

Deoptimization events (10 events):
Event: 2710.712 Thread 0x000000001a8d5800 Uncommon trap: reason=bimorphic action=maybe_recompile pc=0x000000000483300c method=java.util.HashMap.removeNode(ILjava/lang/Object;Ljava/lang/Object;ZZ)Ljava/util/HashMap$Node; @ 68
Event: 2710.789 Thread 0x000000001a8d5800 Uncommon trap: reason=unstable_if action=reinterpret pc=0x00000000061194dc method=com.android.utils.XmlUtils.append(Lcom/android/utils/XmlUtils$PositionAwareStringBuilder;Lorg/w3c/dom/Node;Ljava/util/Map;Ljava/util/Set;)V @ 540
Event: 2710.880 Thread 0x000000001a8d5800 Uncommon trap: reason=array_check action=maybe_recompile pc=0x0000000006131998 method=java.util.TimSort.binarySort([Ljava/lang/Object;IIILjava/util/Comparator;)V @ 193
Event: 2710.881 Thread 0x000000001a8d5800 Uncommon trap: reason=array_check action=maybe_recompile pc=0x0000000006131b78 method=java.util.TimSort.reverseRange([Ljava/lang/Object;II)V @ 20
Event: 2710.881 Thread 0x000000001a8d5800 Uncommon trap: reason=array_check action=maybe_recompile pc=0x0000000006131b78 method=java.util.TimSort.reverseRange([Ljava/lang/Object;II)V @ 20
Event: 2710.881 Thread 0x000000001a8d5800 Uncommon trap: reason=array_check action=maybe_recompile pc=0x0000000003e25ccc method=java.util.TimSort.binarySort([Ljava/lang/Object;IIILjava/util/Comparator;)V @ 193
Event: 2710.883 Thread 0x000000001a8d5800 Uncommon trap: reason=array_check action=maybe_recompile pc=0x0000000006131a34 method=java.util.TimSort.binarySort([Ljava/lang/Object;IIILjava/util/Comparator;)V @ 183
Event: 2710.883 Thread 0x000000001a8d5800 Uncommon trap: reason=array_check action=maybe_recompile pc=0x0000000006131998 method=java.util.TimSort.binarySort([Ljava/lang/Object;IIILjava/util/Comparator;)V @ 193
Event: 2710.903 Thread 0x000000001a8e0800 Uncommon trap: reason=bimorphic action=maybe_recompile pc=0x0000000005a4faf0 method=java.io.DataInputStream.readChar()C @ 4
Event: 2711.339 Thread 0x000000001ef19000 Uncommon trap: reason=unstable_if action=reinterpret pc=0x0000000004b016f8 method=java.io.BufferedReader.readLine(Z)Ljava/lang/String; @ 265

Classes redefined (0 events):
No events

Internal exceptions (10 events):
Event: 2706.537 Thread 0x000000001a8d5800 Implicit null exception at 0x00000000038ecb1a to 0x00000000038ecb6d
Event: 2706.545 Thread 0x000000001a8d5800 Exception <a 'java/lang/NoSuchMethodError': java.lang.Object.lambda$codePoints$1()Ljava/util/Spliterator$OfInt;> (0x00000000e87448d0) thrown at [C:\src\AOSP-openjdk-git\hotspot\src\share\vm\interpreter\linkResolver.cpp, line 620]
Event: 2707.274 Thread 0x000000001a8d5800 Implicit null exception at 0x0000000005f1d1af to 0x0000000005f1d81d
Event: 2708.029 Thread 0x000000001a8d5800 Implicit null exception at 0x0000000006019a4d to 0x0000000006019b11
Event: 2708.438 Thread 0x000000001a8d5800 Implicit null exception at 0x000000000609cb97 to 0x000000000609cf1d
Event: 2708.515 Thread 0x000000001a8d5800 Implicit null exception at 0x00000000060d31c7 to 0x00000000060d55f5
Event: 2710.789 Thread 0x000000001a8d5800 Implicit null exception at 0x000000000611b8f2 to 0x00000000061194b1
Event: 2710.880 Thread 0x000000001a8d5800 Exception <a 'java/lang/NoSuchMethodError': <clinit>> (0x00000000eff6dac8) thrown at [C:\src\AOSP-openjdk-git\hotspot\src\share\vm\prims\jni.cpp, line 1615]
Event: 2710.883 Thread 0x000000001a8d5800 Exception <a 'java/lang/NoSuchMethodError': <clinit>> (0x00000000eff821b8) thrown at [C:\src\AOSP-openjdk-git\hotspot\src\share\vm\prims\jni.cpp, line 1615]
Event: 2717.279 Thread 0x000000001a8d6000 Exception <a 'java/lang/OutOfMemoryError'> (0x00000000e0c9ad20) thrown at [C:\src\AOSP-openjdk-git\hotspot\src\share\vm\prims\jni.cpp, line 737]

Events (10 events):
Event: 2712.545 Thread 0x000000001683b800 flushing nmethod 0x0000000004255e50
Event: 2712.545 Thread 0x000000001683b800 flushing nmethod 0x00000000042f0a10
Event: 2712.545 Thread 0x000000001683b800 flushing nmethod 0x00000000042f9110
Event: 2712.546 Thread 0x000000001683b800 flushing nmethod 0x00000000043449d0
Event: 2712.546 Thread 0x000000001683b800 flushing nmethod 0x00000000043a8810
Event: 2712.659 Thread 0x000000001682c000 flushing nmethod 0x0000000004822bd0
Event: 2714.885 Thread 0x000000001682c000 flushing nmethod 0x00000000052232d0
Event: 2714.885 Thread 0x000000001682c000 flushing nmethod 0x0000000005232d90
Event: 2714.886 Thread 0x000000001682c000 flushing nmethod 0x0000000005316590
Event: 2714.942 Thread 0x000000001682c000 flushing nmethod 0x0000000005d1fa90


Dynamic libraries:
0x00007ff73e0e0000 - 0x00007ff73e111000 	D:\Program Files\Android\Android Studio\jre\bin\java.exe
0x00007fffb50d0000 - 0x00007fffb52c6000 	C:\WINDOWS\SYSTEM32\ntdll.dll
0x00007fffb3a90000 - 0x00007fffb3b4d000 	C:\WINDOWS\System32\KERNEL32.DLL
0x00007fffb28c0000 - 0x00007fffb2b89000 	C:\WINDOWS\System32\KERNELBASE.dll
0x00007fffb31f0000 - 0x00007fffb329c000 	C:\WINDOWS\System32\ADVAPI32.dll
0x00007fffb3430000 - 0x00007fffb34ce000 	C:\WINDOWS\System32\msvcrt.dll
0x00007fffb3880000 - 0x00007fffb391c000 	C:\WINDOWS\System32\sechost.dll
0x00007fffb43a0000 - 0x00007fffb44cb000 	C:\WINDOWS\System32\RPCRT4.dll
0x00007fffb44d0000 - 0x00007fffb4670000 	C:\WINDOWS\System32\USER32.dll
0x00007fffb2d10000 - 0x00007fffb2d32000 	C:\WINDOWS\System32\win32u.dll
0x00007fffb5050000 - 0x00007fffb507a000 	C:\WINDOWS\System32\GDI32.dll
0x00007fffb2d40000 - 0x00007fffb2e49000 	C:\WINDOWS\System32\gdi32full.dll
0x00007fffb2b90000 - 0x00007fffb2c2d000 	C:\WINDOWS\System32\msvcp_win.dll
0x00007fffb3030000 - 0x00007fffb3130000 	C:\WINDOWS\System32\ucrtbase.dll
0x00007fff9fdd0000 - 0x00007fffa006b000 	C:\WINDOWS\WinSxS\amd64_microsoft.windows.common-controls_6595b64144ccf1df_6.0.19041.488_none_ca04af081b815d21\COMCTL32.dll
0x00007fffb3830000 - 0x00007fffb3860000 	C:\WINDOWS\System32\IMM32.DLL
0x0000000067810000 - 0x00000000678e2000 	D:\Program Files\Android\Android Studio\jre\jre\bin\msvcr100.dll
0x00000000678f0000 - 0x000000006813b000 	D:\Program Files\Android\Android Studio\jre\jre\bin\server\jvm.dll
0x00007fffb4a20000 - 0x00007fffb4a28000 	C:\WINDOWS\System32\PSAPI.DLL
0x00007fffa0c20000 - 0x00007fffa0c47000 	C:\WINDOWS\SYSTEM32\WINMM.dll
0x00007fff9d960000 - 0x00007fff9d969000 	C:\WINDOWS\SYSTEM32\WSOCK32.dll
0x00007fffb42a0000 - 0x00007fffb430b000 	C:\WINDOWS\System32\WS2_32.dll
0x00007fffac0a0000 - 0x00007fffac0aa000 	C:\WINDOWS\SYSTEM32\VERSION.dll
0x00007fffafab0000 - 0x00007fffafabf000 	D:\Program Files\Android\Android Studio\jre\jre\bin\verify.dll
0x00007fffadc80000 - 0x00007fffadca9000 	D:\Program Files\Android\Android Studio\jre\jre\bin\java.dll
0x00007fffadc60000 - 0x00007fffadc76000 	D:\Program Files\Android\Android Studio\jre\jre\bin\zip.dll
0x00007fffb3b50000 - 0x00007fffb4292000 	C:\WINDOWS\System32\SHELL32.dll
0x00007fffb0840000 - 0x00007fffb0fd5000 	C:\WINDOWS\SYSTEM32\windows.storage.dll
0x00007fffb34d0000 - 0x00007fffb3826000 	C:\WINDOWS\System32\combase.dll
0x00007fffb21b0000 - 0x00007fffb21dc000 	C:\WINDOWS\SYSTEM32\Wldp.dll
0x00007fffb47a0000 - 0x00007fffb484e000 	C:\WINDOWS\System32\SHCORE.dll
0x00007fffb4740000 - 0x00007fffb4795000 	C:\WINDOWS\System32\shlwapi.dll
0x00007fffb2740000 - 0x00007fffb2766000 	C:\WINDOWS\SYSTEM32\profapi.dll
0x00007fffadc30000 - 0x00007fffadc4a000 	D:\Program Files\Android\Android Studio\jre\jre\bin\net.dll
0x00007fffb1f30000 - 0x00007fffb1f9a000 	C:\WINDOWS\system32\mswsock.dll
0x00007fffadc10000 - 0x00007fffadc23000 	D:\Program Files\Android\Android Studio\jre\jre\bin\nio.dll
0x00007fffab690000 - 0x00007fffab6b7000 	C:\Users\Asus\.gradle\native\f6784746aeab05261644944871eae4fe03e0ef1612fff0a4a95f87b438bc6780\windows-amd64\native-platform.dll
0x00007fffafaa0000 - 0x00007fffafaad000 	D:\Program Files\Android\Android Studio\jre\jre\bin\management.dll
0x00007fffb2100000 - 0x00007fffb2118000 	C:\WINDOWS\SYSTEM32\CRYPTSP.dll
0x00007fffb18c0000 - 0x00007fffb18f4000 	C:\WINDOWS\system32\rsaenh.dll
0x00007fffb2c30000 - 0x00007fffb2c57000 	C:\WINDOWS\System32\bcrypt.dll
0x00007fffb2700000 - 0x00007fffb272e000 	C:\WINDOWS\SYSTEM32\USERENV.dll
0x00007fffb2e50000 - 0x00007fffb2ed0000 	C:\WINDOWS\System32\bcryptprimitives.dll
0x00007fffb2120000 - 0x00007fffb212c000 	C:\WINDOWS\SYSTEM32\CRYPTBASE.dll
0x00007fffb1c20000 - 0x00007fffb1c5b000 	C:\WINDOWS\SYSTEM32\IPHLPAPI.DLL
0x00007fffb5080000 - 0x00007fffb5088000 	C:\WINDOWS\System32\NSI.dll
0x00007fffaa7b0000 - 0x00007fffaa7c7000 	C:\WINDOWS\SYSTEM32\dhcpcsvc6.DLL
0x00007fffaa610000 - 0x00007fffaa62d000 	C:\WINDOWS\SYSTEM32\dhcpcsvc.DLL
0x00007fffb1c60000 - 0x00007fffb1d2b000 	C:\WINDOWS\SYSTEM32\DNSAPI.dll
0x00007fffaaa10000 - 0x00007fffaaa1b000 	C:\WINDOWS\SYSTEM32\WINNSI.DLL
0x00007fffac970000 - 0x00007fffac994000 	D:\Program Files\Android\Android Studio\jre\jre\bin\sunec.dll
0x00007fffa9620000 - 0x00007fffa962a000 	C:\Windows\System32\rasadhlp.dll
0x00007fffa66a0000 - 0x00007fffa671f000 	C:\WINDOWS\System32\fwpuclnt.dll
0x00007fffad4f0000 - 0x00007fffad4fb000 	D:\Program Files\Android\Android Studio\jre\jre\bin\sunmscapi.dll
0x00007fffb2ed0000 - 0x00007fffb302d000 	C:\WINDOWS\System32\CRYPT32.dll
0x00007fffb1550000 - 0x00007fffb1583000 	C:\WINDOWS\SYSTEM32\ntmarta.dll

VM Arguments:
jvm_args: -Xmx1536m -Dfile.encoding=windows-1251 -Duser.country=RU -Duser.language=ru -Duser.variant 
java_command: org.gradle.launcher.daemon.bootstrap.GradleDaemon 6.5
java_class_path (initial): C:\Users\Asus\.gradle\wrapper\dists\gradle-6.5-all\2oz4ud9k3tuxjg84bbf55q0tn\gradle-6.5\lib\gradle-launcher-6.5.jar
Launcher Type: SUN_STANDARD

Environment Variables:
USERNAME=Eleonora
OS=Windows_NT
PROCESSOR_IDENTIFIER=Intel64 Family 6 Model 78 Stepping 3, GenuineIntel



---------------  S Y S T E M  ---------------

OS: Windows 10.0 , 64 bit Build 19041 (10.0.19041.662)

CPU:total 4 (initial active 4) (2 cores per cpu, 2 threads per core) family 6 model 78 stepping 3, cmov, cx8, fxsr, mmx, sse, sse2, sse3, ssse3, sse4.1, sse4.2, popcnt, avx, avx2, aes, clmul, erms, 3dnowpref, lzcnt, ht, tsc, tscinvbit, bmi1, bmi2, adx

Memory: 4k page, physical 8265128k(319588k free), swap 10362280k(0k free)

vm_info: OpenJDK 64-Bit Server VM (25.242-b01) for windows-amd64 JRE (1.8.0_242-release-1644-b01), built by "builder" with MS VC++ 10.0 (VS2010)

time: Thu Dec 17 16:48:09 2020
timezone: RTZ 2 (зима)
elapsed time: 2717 seconds (0d 0h 45m 17s)

